<?xml version="1.0" encoding="UTF-8"?>
<!-- Generated by org.testng.reporters.JUnitReportReporter -->
<testsuite hostname="DESKTOP-1CCS179" failures="0" tests="2" name="com.db.testBase.TestBase" time="19.578" errors="0" timestamp="2023-01-03T19:38:08 IST" skipped="0">
  <testcase classname="com.db.testBase.TestBase" name="test1" time="12.357"/>
  <system-out/>
  <testcase classname="com.db.testBase.TestBase" name="test2" time="7.221"/>
  <system-out/>
</testsuite> <!-- com.db.testBase.TestBase -->
